<?xml version="1.0" encoding="UTF-8"?>
<testsuite xmlns:xsi="http://www.w3.org/2001/XMLSchema-instance" xsi:noNamespaceSchemaLocation="https://maven.apache.org/surefire/maven-surefire-plugin/xsd/surefire-test-report-3.0.xsd" version="3.0" name="com.sorting_app.tests.TestSortingTest" time="0.032" tests="1" errors="0" skipped="0" failures="0">
  <properties>
[...]
</properties>
  <testcase name="testOrganizar" classname="com.sorting_app.tests.TestSortingTest" time="0.005">
    <system-out><![CDATA[1
2
3
4
5
6
7
8
9
10
]]></system-out>
  </testcase>
</testsuite>